This file contains any messages produced by compilers while
running configure, to aid debugging if configure makes a mistake.

It was created by gsm-receiver configure 0.0.3, which was
generated by GNU Autoconf 2.65.  Invocation command line was

  $ ./configure --no-create --no-recursion

## --------- ##
## Platform. ##
## --------- ##

hostname = ubuntu
uname -m = x86_64
uname -r = 2.6.32-52-generic
uname -s = Linux
uname -v = #114-Ubuntu SMP Wed Sep 11 18:50:27 UTC 2013

/usr/bin/uname -p = unknown
/bin/uname -X     = unknown

/bin/arch              = unknown
/usr/bin/arch -k       = unknown
/usr/convex/getsysinfo = unknown
/usr/bin/hostinfo      = unknown
/bin/machine           = unknown
/usr/bin/oslevel       = unknown
/bin/universe          = unknown

PATH: /usr/local/sbin
PATH: /usr/local/bin
PATH: /usr/sbin
PATH: /usr/bin
PATH: /sbin
PATH: /bin
PATH: /usr/games


## ----------- ##
## Core tests. ##
## ----------- ##

configure:2637: checking build system type
configure:2651: result: x86_64-unknown-linux-gnu
configure:2671: checking host system type
configure:2684: result: x86_64-unknown-linux-gnu
configure:2704: checking target system type
configure:2717: result: x86_64-unknown-linux-gnu
configure:2760: checking for a BSD-compatible install
configure:2828: result: /usr/bin/install -c
configure:2839: checking whether build environment is sane
configure:2889: result: yes
configure:3030: checking for a thread-safe mkdir -p
configure:3069: result: /bin/mkdir -p
configure:3082: checking for gawk
configure:3098: found /usr/bin/gawk
configure:3109: result: gawk
configure:3120: checking whether make sets $(MAKE)
configure:3142: result: yes
configure:3239: checking for style of include used by make
configure:3267: result: GNU
configure:3337: checking for gcc
configure:3353: found /usr/bin/gcc
configure:3364: result: gcc
configure:3593: checking for C compiler version
configure:3602: gcc --version >&5
gcc (Ubuntu 4.4.3-4ubuntu5.1) 4.4.3
Copyright (C) 2009 Free Software Foundation, Inc.
This is free software; see the source for copying conditions.  There is NO
warranty; not even for MERCHANTABILITY or FITNESS FOR A PARTICULAR PURPOSE.

configure:3613: $? = 0
configure:3602: gcc -v >&5
Using built-in specs.
Target: x86_64-linux-gnu
Configured with: ../src/configure -v --with-pkgversion='Ubuntu 4.4.3-4ubuntu5.1' --with-bugurl=file:///usr/share/doc/gcc-4.4/README.Bugs --enable-languages=c,c++,fortran,objc,obj-c++ --prefix=/usr --enable-shared --enable-multiarch --enable-linker-build-id --with-system-zlib --libexecdir=/usr/lib --without-included-gettext --enable-threads=posix --with-gxx-include-dir=/usr/include/c++/4.4 --program-suffix=-4.4 --enable-nls --enable-clocale=gnu --enable-libstdcxx-debug --enable-plugin --enable-objc-gc --disable-werror --with-arch-32=i486 --with-tune=generic --enable-checking=release --build=x86_64-linux-gnu --host=x86_64-linux-gnu --target=x86_64-linux-gnu
Thread model: posix
gcc version 4.4.3 (Ubuntu 4.4.3-4ubuntu5.1) 
configure:3613: $? = 0
configure:3602: gcc -V >&5
gcc: '-V' option must have argument
configure:3613: $? = 1
configure:3602: gcc -qversion >&5
gcc: unrecognized option '-qversion'
gcc: no input files
configure:3613: $? = 1
configure:3633: checking whether the C compiler works
configure:3655: gcc    conftest.c  >&5
configure:3659: $? = 0
configure:3708: result: yes
configure:3711: checking for C compiler default output file name
configure:3713: result: a.out
configure:3719: checking for suffix of executables
configure:3726: gcc -o conftest    conftest.c  >&5
configure:3730: $? = 0
configure:3752: result: 
configure:3774: checking whether we are cross compiling
configure:3782: gcc -o conftest    conftest.c  >&5
configure:3786: $? = 0
configure:3793: ./conftest
configure:3797: $? = 0
configure:3812: result: no
configure:3817: checking for suffix of object files
configure:3839: gcc -c   conftest.c >&5
configure:3843: $? = 0
configure:3864: result: o
configure:3868: checking whether we are using the GNU C compiler
configure:3887: gcc -c   conftest.c >&5
configure:3887: $? = 0
configure:3896: result: yes
configure:3905: checking whether gcc accepts -g
configure:3925: gcc -c -g  conftest.c >&5
configure:3925: $? = 0
configure:3966: result: yes
configure:3983: checking for gcc option to accept ISO C89
configure:4047: gcc  -c -g -O2  conftest.c >&5
configure:4047: $? = 0
configure:4060: result: none needed
configure:4082: checking dependency style of gcc
configure:4192: result: gcc3
configure:4212: checking how to run the C preprocessor
configure:4243: gcc -E  conftest.c
configure:4243: $? = 0
configure:4257: gcc -E  conftest.c
conftest.c:11:28: error: ac_nonexistent.h: No such file or directory
configure:4257: $? = 1
configure: failed program was:
| /* confdefs.h */
| #define PACKAGE_NAME "gsm-receiver"
| #define PACKAGE_TARNAME "gsm-receiver"
| #define PACKAGE_VERSION "0.0.3"
| #define PACKAGE_STRING "gsm-receiver 0.0.3"
| #define PACKAGE_BUGREPORT ""
| #define PACKAGE_URL ""
| #define PACKAGE "gsm-receiver"
| #define VERSION "0.0.3"
| /* end confdefs.h.  */
| #include <ac_nonexistent.h>
configure:4282: result: gcc -E
configure:4302: gcc -E  conftest.c
configure:4302: $? = 0
configure:4316: gcc -E  conftest.c
conftest.c:11:28: error: ac_nonexistent.h: No such file or directory
configure:4316: $? = 1
configure: failed program was:
| /* confdefs.h */
| #define PACKAGE_NAME "gsm-receiver"
| #define PACKAGE_TARNAME "gsm-receiver"
| #define PACKAGE_VERSION "0.0.3"
| #define PACKAGE_STRING "gsm-receiver 0.0.3"
| #define PACKAGE_BUGREPORT ""
| #define PACKAGE_URL ""
| #define PACKAGE "gsm-receiver"
| #define VERSION "0.0.3"
| /* end confdefs.h.  */
| #include <ac_nonexistent.h>
configure:4346: checking for grep that handles long lines and -e
configure:4404: result: /bin/grep
configure:4409: checking for egrep
configure:4471: result: /bin/grep -E
configure:4476: checking for ANSI C header files
configure:4496: gcc -c -g -O2  conftest.c >&5
configure:4496: $? = 0
configure:4569: gcc -o conftest -g -O2   conftest.c  >&5
configure:4569: $? = 0
configure:4569: ./conftest
configure:4569: $? = 0
configure:4580: result: yes
configure:4593: checking for sys/types.h
configure:4593: gcc -c -g -O2  conftest.c >&5
configure:4593: $? = 0
configure:4593: result: yes
configure:4593: checking for sys/stat.h
configure:4593: gcc -c -g -O2  conftest.c >&5
configure:4593: $? = 0
configure:4593: result: yes
configure:4593: checking for stdlib.h
configure:4593: gcc -c -g -O2  conftest.c >&5
configure:4593: $? = 0
configure:4593: result: yes
configure:4593: checking for string.h
configure:4593: gcc -c -g -O2  conftest.c >&5
configure:4593: $? = 0
configure:4593: result: yes
configure:4593: checking for memory.h
configure:4593: gcc -c -g -O2  conftest.c >&5
configure:4593: $? = 0
configure:4593: result: yes
configure:4593: checking for strings.h
configure:4593: gcc -c -g -O2  conftest.c >&5
configure:4593: $? = 0
configure:4593: result: yes
configure:4593: checking for inttypes.h
configure:4593: gcc -c -g -O2  conftest.c >&5
configure:4593: $? = 0
configure:4593: result: yes
configure:4593: checking for stdint.h
configure:4593: gcc -c -g -O2  conftest.c >&5
configure:4593: $? = 0
configure:4593: result: yes
configure:4593: checking for unistd.h
configure:4593: gcc -c -g -O2  conftest.c >&5
configure:4593: $? = 0
configure:4593: result: yes
configure:4607: checking minix/config.h usability
configure:4607: gcc -c -g -O2  conftest.c >&5
conftest.c:54:26: error: minix/config.h: No such file or directory
configure:4607: $? = 1
configure: failed program was:
| /* confdefs.h */
| #define PACKAGE_NAME "gsm-receiver"
| #define PACKAGE_TARNAME "gsm-receiver"
| #define PACKAGE_VERSION "0.0.3"
| #define PACKAGE_STRING "gsm-receiver 0.0.3"
| #define PACKAGE_BUGREPORT ""
| #define PACKAGE_URL ""
| #define PACKAGE "gsm-receiver"
| #define VERSION "0.0.3"
| #define STDC_HEADERS 1
| #define HAVE_SYS_TYPES_H 1
| #define HAVE_SYS_STAT_H 1
| #define HAVE_STDLIB_H 1
| #define HAVE_STRING_H 1
| #define HAVE_MEMORY_H 1
| #define HAVE_STRINGS_H 1
| #define HAVE_INTTYPES_H 1
| #define HAVE_STDINT_H 1
| #define HAVE_UNISTD_H 1
| /* end confdefs.h.  */
| #include <stdio.h>
| #ifdef HAVE_SYS_TYPES_H
| # include <sys/types.h>
| #endif
| #ifdef HAVE_SYS_STAT_H
| # include <sys/stat.h>
| #endif
| #ifdef STDC_HEADERS
| # include <stdlib.h>
| # include <stddef.h>
| #else
| # ifdef HAVE_STDLIB_H
| #  include <stdlib.h>
| # endif
| #endif
| #ifdef HAVE_STRING_H
| # if !defined STDC_HEADERS && defined HAVE_MEMORY_H
| #  include <memory.h>
| # endif
| # include <string.h>
| #endif
| #ifdef HAVE_STRINGS_H
| # include <strings.h>
| #endif
| #ifdef HAVE_INTTYPES_H
| # include <inttypes.h>
| #endif
| #ifdef HAVE_STDINT_H
| # include <stdint.h>
| #endif
| #ifdef HAVE_UNISTD_H
| # include <unistd.h>
| #endif
| #include <minix/config.h>
configure:4607: result: no
configure:4607: checking minix/config.h presence
configure:4607: gcc -E  conftest.c
conftest.c:21:26: error: minix/config.h: No such file or directory
configure:4607: $? = 1
configure: failed program was:
| /* confdefs.h */
| #define PACKAGE_NAME "gsm-receiver"
| #define PACKAGE_TARNAME "gsm-receiver"
| #define PACKAGE_VERSION "0.0.3"
| #define PACKAGE_STRING "gsm-receiver 0.0.3"
| #define PACKAGE_BUGREPORT ""
| #define PACKAGE_URL ""
| #define PACKAGE "gsm-receiver"
| #define VERSION "0.0.3"
| #define STDC_HEADERS 1
| #define HAVE_SYS_TYPES_H 1
| #define HAVE_SYS_STAT_H 1
| #define HAVE_STDLIB_H 1
| #define HAVE_STRING_H 1
| #define HAVE_MEMORY_H 1
| #define HAVE_STRINGS_H 1
| #define HAVE_INTTYPES_H 1
| #define HAVE_STDINT_H 1
| #define HAVE_UNISTD_H 1
| /* end confdefs.h.  */
| #include <minix/config.h>
configure:4607: result: no
configure:4607: checking for minix/config.h
configure:4607: result: no
configure:4628: checking whether it is safe to define __EXTENSIONS__
configure:4646: gcc -c -g -O2  conftest.c >&5
configure:4646: $? = 0
configure:4653: result: yes
configure:4668: checking for library containing strerror
configure:4699: gcc -o conftest -g -O2   conftest.c  >&5
configure:4699: $? = 0
configure:4716: result: none required
configure:4784: checking for g++
configure:4800: found /usr/bin/g++
configure:4811: result: g++
configure:4838: checking for C++ compiler version
configure:4847: g++ --version >&5
g++ (Ubuntu 4.4.3-4ubuntu5.1) 4.4.3
Copyright (C) 2009 Free Software Foundation, Inc.
This is free software; see the source for copying conditions.  There is NO
warranty; not even for MERCHANTABILITY or FITNESS FOR A PARTICULAR PURPOSE.

configure:4858: $? = 0
configure:4847: g++ -v >&5
Using built-in specs.
Target: x86_64-linux-gnu
Configured with: ../src/configure -v --with-pkgversion='Ubuntu 4.4.3-4ubuntu5.1' --with-bugurl=file:///usr/share/doc/gcc-4.4/README.Bugs --enable-languages=c,c++,fortran,objc,obj-c++ --prefix=/usr --enable-shared --enable-multiarch --enable-linker-build-id --with-system-zlib --libexecdir=/usr/lib --without-included-gettext --enable-threads=posix --with-gxx-include-dir=/usr/include/c++/4.4 --program-suffix=-4.4 --enable-nls --enable-clocale=gnu --enable-libstdcxx-debug --enable-plugin --enable-objc-gc --disable-werror --with-arch-32=i486 --with-tune=generic --enable-checking=release --build=x86_64-linux-gnu --host=x86_64-linux-gnu --target=x86_64-linux-gnu
Thread model: posix
gcc version 4.4.3 (Ubuntu 4.4.3-4ubuntu5.1) 
configure:4858: $? = 0
configure:4847: g++ -V >&5
g++: '-V' option must have argument
configure:4858: $? = 1
configure:4847: g++ -qversion >&5
g++: unrecognized option '-qversion'
g++: no input files
configure:4858: $? = 1
configure:4862: checking whether we are using the GNU C++ compiler
configure:4881: g++ -c   conftest.cpp >&5
configure:4881: $? = 0
configure:4890: result: yes
configure:4899: checking whether g++ accepts -g
configure:4919: g++ -c -g  conftest.cpp >&5
configure:4919: $? = 0
configure:4960: result: yes
configure:4985: checking dependency style of g++
configure:5095: result: gcc3
configure:5115: checking how to run the C++ preprocessor
configure:5142: g++ -E  conftest.cpp
configure:5142: $? = 0
configure:5156: g++ -E  conftest.cpp
conftest.cpp:26:28: error: ac_nonexistent.h: No such file or directory
configure:5156: $? = 1
configure: failed program was:
| /* confdefs.h */
| #define PACKAGE_NAME "gsm-receiver"
| #define PACKAGE_TARNAME "gsm-receiver"
| #define PACKAGE_VERSION "0.0.3"
| #define PACKAGE_STRING "gsm-receiver 0.0.3"
| #define PACKAGE_BUGREPORT ""
| #define PACKAGE_URL ""
| #define PACKAGE "gsm-receiver"
| #define VERSION "0.0.3"
| #define STDC_HEADERS 1
| #define HAVE_SYS_TYPES_H 1
| #define HAVE_SYS_STAT_H 1
| #define HAVE_STDLIB_H 1
| #define HAVE_STRING_H 1
| #define HAVE_MEMORY_H 1
| #define HAVE_STRINGS_H 1
| #define HAVE_INTTYPES_H 1
| #define HAVE_STDINT_H 1
| #define HAVE_UNISTD_H 1
| #define __EXTENSIONS__ 1
| #define _ALL_SOURCE 1
| #define _GNU_SOURCE 1
| #define _POSIX_PTHREAD_SEMANTICS 1
| #define _TANDEM_SOURCE 1
| /* end confdefs.h.  */
| #include <ac_nonexistent.h>
configure:5181: result: g++ -E
configure:5201: g++ -E  conftest.cpp
configure:5201: $? = 0
configure:5215: g++ -E  conftest.cpp
conftest.cpp:26:28: error: ac_nonexistent.h: No such file or directory
configure:5215: $? = 1
configure: failed program was:
| /* confdefs.h */
| #define PACKAGE_NAME "gsm-receiver"
| #define PACKAGE_TARNAME "gsm-receiver"
| #define PACKAGE_VERSION "0.0.3"
| #define PACKAGE_STRING "gsm-receiver 0.0.3"
| #define PACKAGE_BUGREPORT ""
| #define PACKAGE_URL ""
| #define PACKAGE "gsm-receiver"
| #define VERSION "0.0.3"
| #define STDC_HEADERS 1
| #define HAVE_SYS_TYPES_H 1
| #define HAVE_SYS_STAT_H 1
| #define HAVE_STDLIB_H 1
| #define HAVE_STRING_H 1
| #define HAVE_MEMORY_H 1
| #define HAVE_STRINGS_H 1
| #define HAVE_INTTYPES_H 1
| #define HAVE_STDINT_H 1
| #define HAVE_UNISTD_H 1
| #define __EXTENSIONS__ 1
| #define _ALL_SOURCE 1
| #define _GNU_SOURCE 1
| #define _POSIX_PTHREAD_SEMANTICS 1
| #define _TANDEM_SOURCE 1
| /* end confdefs.h.  */
| #include <ac_nonexistent.h>
configure:5257: checking whether C++ has std::isnan
configure:5272: g++ -c -g -O2  conftest.cpp >&5
configure:5272: $? = 0
configure:5273: result: yes
configure:5296: checking gr_libdir_suffix
configure:5327: result: 
configure:5331: checking whether to append 64 to libdir
configure:5339: result: no
configure:5367: checking whether user wants warnings
configure:5378: result: yes
configure:5391: checking whether gcc accepts -Wall
configure:5396: result: yes
configure:5412: checking whether g++ accepts -Wall
configure:5417: result: yes
configure:5412: checking whether g++ accepts -Woverloaded-virtual
configure:5417: result: yes
configure:5430: checking whether user wants gprof
configure:5440: result: no
configure:5493: checking whether user wants prof
configure:5503: result: no
configure:5564: checking dependency style of gcc
configure:5672: result: gcc3
configure:5687: checking whether ln -s works
configure:5691: result: yes
configure:5698: checking whether make sets $(MAKE)
configure:5720: result: yes
configure:5732: checking for rm
configure:5750: found /bin/rm
configure:5762: result: /bin/rm
configure:6159: checking for a sed that does not truncate output
configure:6223: result: /bin/sed
configure:6241: checking for fgrep
configure:6303: result: /bin/grep -F
configure:6338: checking for ld used by gcc
configure:6405: result: /usr/bin/ld
configure:6412: checking if the linker (/usr/bin/ld) is GNU ld
configure:6427: result: yes
configure:6439: checking for BSD- or MS-compatible name lister (nm)
configure:6488: result: /usr/bin/nm -B
configure:6606: checking the name lister (/usr/bin/nm -B) interface
configure:6613: gcc -c -g -O2 -Wall  conftest.c >&5
configure:6616: /usr/bin/nm -B "conftest.o"
configure:6619: output
0000000000000000 B some_variable
configure:6626: result: BSD nm
configure:6630: checking the maximum length of command line arguments
configure:6750: result: 3458764513820540925
configure:6767: checking whether the shell understands some XSI constructs
configure:6777: result: yes
configure:6781: checking whether the shell understands "+="
configure:6787: result: yes
configure:6822: checking for /usr/bin/ld option to reload object files
configure:6829: result: -r
configure:6898: checking for objdump
configure:6925: result: objdump
configure:6954: checking how to recognize dependent libraries
configure:7150: result: pass_all
configure:7210: checking for ar
configure:7226: found /usr/bin/ar
configure:7237: result: ar
configure:7315: checking for strip
configure:7331: found /usr/bin/strip
configure:7342: result: strip
configure:7414: checking for ranlib
configure:7430: found /usr/bin/ranlib
configure:7441: result: ranlib
configure:7531: checking command to parse /usr/bin/nm -B output from gcc object
configure:7649: gcc -c -g -O2 -Wall  conftest.c >&5
configure:7652: $? = 0
configure:7656: /usr/bin/nm -B conftest.o \| sed -n -e 's/^.*[	 ]\([ABCDGIRSTW][ABCDGIRSTW]*\)[	 ][	 ]*\([_A-Za-z][_A-Za-z0-9]*\)$/\1 \2 \2/p' \> conftest.nm
configure:7659: $? = 0
configure:7713: gcc -o conftest -g -O2 -Wall   conftest.c conftstm.o >&5
configure:7716: $? = 0
configure:7754: result: ok
configure:7849: gcc -c -g -O2 -Wall  conftest.c >&5
configure:7852: $? = 0
configure:8559: checking for dlfcn.h
configure:8559: gcc -c -g -O2 -Wall  conftest.c >&5
configure:8559: $? = 0
configure:8559: result: yes
configure:8684: checking for C++ compiler version
configure:8693: g++ --version >&5
g++ (Ubuntu 4.4.3-4ubuntu5.1) 4.4.3
Copyright (C) 2009 Free Software Foundation, Inc.
This is free software; see the source for copying conditions.  There is NO
warranty; not even for MERCHANTABILITY or FITNESS FOR A PARTICULAR PURPOSE.

configure:8704: $? = 0
configure:8693: g++ -v >&5
Using built-in specs.
Target: x86_64-linux-gnu
Configured with: ../src/configure -v --with-pkgversion='Ubuntu 4.4.3-4ubuntu5.1' --with-bugurl=file:///usr/share/doc/gcc-4.4/README.Bugs --enable-languages=c,c++,fortran,objc,obj-c++ --prefix=/usr --enable-shared --enable-multiarch --enable-linker-build-id --with-system-zlib --libexecdir=/usr/lib --without-included-gettext --enable-threads=posix --with-gxx-include-dir=/usr/include/c++/4.4 --program-suffix=-4.4 --enable-nls --enable-clocale=gnu --enable-libstdcxx-debug --enable-plugin --enable-objc-gc --disable-werror --with-arch-32=i486 --with-tune=generic --enable-checking=release --build=x86_64-linux-gnu --host=x86_64-linux-gnu --target=x86_64-linux-gnu
Thread model: posix
gcc version 4.4.3 (Ubuntu 4.4.3-4ubuntu5.1) 
configure:8704: $? = 0
configure:8693: g++ -V >&5
g++: '-V' option must have argument
configure:8704: $? = 1
configure:8693: g++ -qversion >&5
g++: unrecognized option '-qversion'
g++: no input files
configure:8704: $? = 1
configure:8708: checking whether we are using the GNU C++ compiler
configure:8736: result: yes
configure:8745: checking whether g++ accepts -g
configure:8806: result: yes
configure:8831: checking dependency style of g++
configure:8941: result: gcc3
configure:8964: checking how to run the C++ preprocessor
configure:9030: result: g++ -E
configure:9050: g++ -E  conftest.cpp
configure:9050: $? = 0
configure:9064: g++ -E  conftest.cpp
conftest.cpp:28:28: error: ac_nonexistent.h: No such file or directory
configure:9064: $? = 1
configure: failed program was:
| /* confdefs.h */
| #define PACKAGE_NAME "gsm-receiver"
| #define PACKAGE_TARNAME "gsm-receiver"
| #define PACKAGE_VERSION "0.0.3"
| #define PACKAGE_STRING "gsm-receiver 0.0.3"
| #define PACKAGE_BUGREPORT ""
| #define PACKAGE_URL ""
| #define PACKAGE "gsm-receiver"
| #define VERSION "0.0.3"
| #define STDC_HEADERS 1
| #define HAVE_SYS_TYPES_H 1
| #define HAVE_SYS_STAT_H 1
| #define HAVE_STDLIB_H 1
| #define HAVE_STRING_H 1
| #define HAVE_MEMORY_H 1
| #define HAVE_STRINGS_H 1
| #define HAVE_INTTYPES_H 1
| #define HAVE_STDINT_H 1
| #define HAVE_UNISTD_H 1
| #define __EXTENSIONS__ 1
| #define _ALL_SOURCE 1
| #define _GNU_SOURCE 1
| #define _POSIX_PTHREAD_SEMANTICS 1
| #define _TANDEM_SOURCE 1
| #define CXX_HAS_STD_ISNAN /**/
| #define HAVE_DLFCN_H 1
| /* end confdefs.h.  */
| #include <ac_nonexistent.h>
configure:9207: checking for objdir
configure:9222: result: .libs
configure:9518: checking if gcc supports -fno-rtti -fno-exceptions
configure:9536: gcc -c -g -O2 -Wall  -fno-rtti -fno-exceptions conftest.c >&5
cc1: warning: command line option "-fno-rtti" is valid for C++/ObjC++ but not for C
configure:9540: $? = 0
configure:9553: result: no
configure:9573: checking for gcc option to produce PIC
configure:9845: result: -fPIC -DPIC
configure:9857: checking if gcc PIC flag -fPIC -DPIC works
configure:9875: gcc -c -g -O2 -Wall  -fPIC -DPIC -DPIC conftest.c >&5
configure:9879: $? = 0
configure:9892: result: yes
configure:9916: checking if gcc static flag -static works
configure:9944: result: yes
configure:9959: checking if gcc supports -c -o file.o
configure:9980: gcc -c -g -O2 -Wall  -o out/conftest2.o conftest.c >&5
configure:9984: $? = 0
configure:10006: result: yes
configure:10014: checking if gcc supports -c -o file.o
configure:10061: result: yes
configure:10094: checking whether the gcc linker (/usr/bin/ld -m elf_x86_64) supports shared libraries
configure:11085: result: yes
configure:11122: checking whether -lc should be explicitly linked in
configure:11127: gcc -c -g -O2 -Wall  conftest.c >&5
configure:11130: $? = 0
configure:11145: gcc -shared conftest.o  -v -Wl,-soname -Wl,conftest -o conftest 2\>\&1 \| /bin/grep  -lc  \>/dev/null 2\>\&1
configure:11148: $? = 0
configure:11160: result: no
configure:11324: checking dynamic linker characteristics
configure:11757: gcc -o conftest -g -O2 -Wall   -Wl,-rpath -Wl,/foo conftest.c  >&5
configure:11757: $? = 0
configure:11987: result: GNU/Linux ld.so
configure:12089: checking how to hardcode library paths into programs
configure:12114: result: immediate
configure:12634: checking whether stripping libraries is possible
configure:12639: result: yes
configure:12674: checking if libtool supports shared libraries
configure:12676: result: yes
configure:12679: checking whether to build shared libraries
configure:12700: result: yes
configure:12703: checking whether to build static libraries
configure:12707: result: no
configure:12857: checking for ld used by g++
configure:12924: result: /usr/bin/ld -m elf_x86_64
configure:12931: checking if the linker (/usr/bin/ld -m elf_x86_64) is GNU ld
configure:12946: result: yes
configure:13001: checking whether the g++ linker (/usr/bin/ld -m elf_x86_64) supports shared libraries
configure:13914: result: yes
configure:13942: g++ -c -g -O2 -Wall -Woverloaded-virtual  conftest.cpp >&5
configure:13945: $? = 0
configure:14127: checking for g++ option to produce PIC
configure:14444: result: -fPIC -DPIC
configure:14453: checking if g++ PIC flag -fPIC -DPIC works
configure:14471: g++ -c -g -O2 -Wall -Woverloaded-virtual  -fPIC -DPIC -DPIC conftest.cpp >&5
configure:14475: $? = 0
configure:14488: result: yes
configure:14509: checking if g++ static flag -static works
configure:14537: result: yes
configure:14549: checking if g++ supports -c -o file.o
configure:14570: g++ -c -g -O2 -Wall -Woverloaded-virtual  -o out/conftest2.o conftest.cpp >&5
configure:14574: $? = 0
configure:14596: result: yes
configure:14601: checking if g++ supports -c -o file.o
configure:14648: result: yes
configure:14678: checking whether the g++ linker (/usr/bin/ld -m elf_x86_64) supports shared libraries
configure:14707: result: yes
configure:14844: checking dynamic linker characteristics
configure:15225: g++ -o conftest -g -O2 -Wall -Woverloaded-virtual   -Wl,-rpath -Wl,/foo conftest.cpp  >&5
configure:15225: $? = 0
configure:15455: result: GNU/Linux ld.so
configure:15506: checking how to hardcode library paths into programs
configure:15531: result: immediate
configure:15613: checking for python
configure:15631: found /usr/bin/python
configure:15643: result: /usr/bin/python
configure:15664: checking for python version
configure:15671: result: 2.6
configure:15683: checking for python platform
configure:15690: result: linux2
configure:15697: checking for python script directory
configure:15726: result: ${prefix}/lib/python2.6/dist-packages
configure:15735: checking for python extension module directory
configure:15764: result: ${exec_prefix}/lib/python2.6/dist-packages
configure:15809: checking for Python include path
configure:15825: result: /usr/include/python2.6
configure:15839: checking Python.h usability
configure:15839: gcc -c -g -O2 -Wall  -I/usr/include/python2.6 conftest.c >&5
In file included from /usr/include/python2.6/Python.h:8,
                 from conftest.c:62:
/usr/include/python2.6/pyconfig.h:1031:1: warning: "_POSIX_C_SOURCE" redefined
In file included from /usr/include/stdio.h:28,
                 from conftest.c:29:
/usr/include/features.h:158:1: warning: this is the location of the previous definition
In file included from /usr/include/python2.6/Python.h:8,
                 from conftest.c:62:
/usr/include/python2.6/pyconfig.h:1040:1: warning: "_XOPEN_SOURCE" redefined
In file included from /usr/include/stdio.h:28,
                 from conftest.c:29:
/usr/include/features.h:160:1: warning: this is the location of the previous definition
configure:15839: $? = 0
configure:15839: result: yes
configure:15839: checking Python.h presence
configure:15839: gcc -E  -I/usr/include/python2.6 conftest.c
configure:15839: $? = 0
configure:15839: result: yes
configure:15839: checking for Python.h
configure:15839: result: yes
configure:15909: checking for swig
configure:15925: found /usr/bin/swig
configure:15936: result: /usr/bin/swig
configure:15948: checking for SWIG version
configure:15952: result: 1.3.40
configure:15987: checking for ANSI C header files
configure:16091: result: yes
configure:16100: checking for an ANSI C-conforming const
configure:16165: gcc -c -g -O2 -Wall  conftest.c >&5
conftest.c: In function 'main':
conftest.c:60: warning: 't' is used uninitialized in this function
conftest.c:76: warning: 'b' is used uninitialized in this function
conftest.c:39: warning: 'cs[0]' is used uninitialized in this function
configure:16165: $? = 0
configure:16172: result: yes
configure:16180: checking for inline
configure:16196: gcc -c -g -O2 -Wall  conftest.c >&5
configure:16196: $? = 0
configure:16204: result: inline
configure:16222: checking for size_t
configure:16222: gcc -c -g -O2 -Wall  conftest.c >&5
configure:16222: $? = 0
configure:16222: gcc -c -g -O2 -Wall  conftest.c >&5
conftest.c: In function 'main':
conftest.c:67: error: expected expression before ')' token
configure:16222: $? = 1
configure: failed program was:
| /* confdefs.h */
| #define PACKAGE_NAME "gsm-receiver"
| #define PACKAGE_TARNAME "gsm-receiver"
| #define PACKAGE_VERSION "0.0.3"
| #define PACKAGE_STRING "gsm-receiver 0.0.3"
| #define PACKAGE_BUGREPORT ""
| #define PACKAGE_URL ""
| #define PACKAGE "gsm-receiver"
| #define VERSION "0.0.3"
| #define STDC_HEADERS 1
| #define HAVE_SYS_TYPES_H 1
| #define HAVE_SYS_STAT_H 1
| #define HAVE_STDLIB_H 1
| #define HAVE_STRING_H 1
| #define HAVE_MEMORY_H 1
| #define HAVE_STRINGS_H 1
| #define HAVE_INTTYPES_H 1
| #define HAVE_STDINT_H 1
| #define HAVE_UNISTD_H 1
| #define __EXTENSIONS__ 1
| #define _ALL_SOURCE 1
| #define _GNU_SOURCE 1
| #define _POSIX_PTHREAD_SEMANTICS 1
| #define _TANDEM_SOURCE 1
| #define CXX_HAS_STD_ISNAN /**/
| #define HAVE_DLFCN_H 1
| #define LT_OBJDIR ".libs/"
| #define HAVE_PYTHON_H 1
| #define STDC_HEADERS 1
| /* end confdefs.h.  */
| #include <stdio.h>
| #ifdef HAVE_SYS_TYPES_H
| # include <sys/types.h>
| #endif
| #ifdef HAVE_SYS_STAT_H
| # include <sys/stat.h>
| #endif
| #ifdef STDC_HEADERS
| # include <stdlib.h>
| # include <stddef.h>
| #else
| # ifdef HAVE_STDLIB_H
| #  include <stdlib.h>
| # endif
| #endif
| #ifdef HAVE_STRING_H
| # if !defined STDC_HEADERS && defined HAVE_MEMORY_H
| #  include <memory.h>
| # endif
| # include <string.h>
| #endif
| #ifdef HAVE_STRINGS_H
| # include <strings.h>
| #endif
| #ifdef HAVE_INTTYPES_H
| # include <inttypes.h>
| #endif
| #ifdef HAVE_STDINT_H
| # include <stdint.h>
| #endif
| #ifdef HAVE_UNISTD_H
| # include <unistd.h>
| #endif
| int
| main ()
| {
| if (sizeof ((size_t)))
| 	    return 0;
|   ;
|   return 0;
| }
configure:16222: result: yes
configure:16233: checking whether time.h and sys/time.h may both be included
configure:16253: gcc -c -g -O2 -Wall  conftest.c >&5
configure:16253: $? = 0
configure:16260: result: yes
configure:16268: checking whether byte ordering is bigendian
configure:16283: gcc -c -g -O2 -Wall  conftest.c >&5
conftest.c:33: error: expected '=', ',', ';', 'asm' or '__attribute__' before 'a'
configure:16283: $? = 1
configure: failed program was:
| /* confdefs.h */
| #define PACKAGE_NAME "gsm-receiver"
| #define PACKAGE_TARNAME "gsm-receiver"
| #define PACKAGE_VERSION "0.0.3"
| #define PACKAGE_STRING "gsm-receiver 0.0.3"
| #define PACKAGE_BUGREPORT ""
| #define PACKAGE_URL ""
| #define PACKAGE "gsm-receiver"
| #define VERSION "0.0.3"
| #define STDC_HEADERS 1
| #define HAVE_SYS_TYPES_H 1
| #define HAVE_SYS_STAT_H 1
| #define HAVE_STDLIB_H 1
| #define HAVE_STRING_H 1
| #define HAVE_MEMORY_H 1
| #define HAVE_STRINGS_H 1
| #define HAVE_INTTYPES_H 1
| #define HAVE_STDINT_H 1
| #define HAVE_UNISTD_H 1
| #define __EXTENSIONS__ 1
| #define _ALL_SOURCE 1
| #define _GNU_SOURCE 1
| #define _POSIX_PTHREAD_SEMANTICS 1
| #define _TANDEM_SOURCE 1
| #define CXX_HAS_STD_ISNAN /**/
| #define HAVE_DLFCN_H 1
| #define LT_OBJDIR ".libs/"
| #define HAVE_PYTHON_H 1
| #define STDC_HEADERS 1
| #define TIME_WITH_SYS_TIME 1
| /* end confdefs.h.  */
| #ifndef __APPLE_CC__
| 	       not a universal capable compiler
| 	     #endif
| 	     typedef int dummy;
| 
configure:16328: gcc -c -g -O2 -Wall  conftest.c >&5
configure:16328: $? = 0
configure:16346: gcc -c -g -O2 -Wall  conftest.c >&5
conftest.c: In function 'main':
conftest.c:39: error: 'not' undeclared (first use in this function)
conftest.c:39: error: (Each undeclared identifier is reported only once
conftest.c:39: error: for each function it appears in.)
conftest.c:39: error: expected ';' before 'big'
configure:16346: $? = 1
configure: failed program was:
| /* confdefs.h */
| #define PACKAGE_NAME "gsm-receiver"
| #define PACKAGE_TARNAME "gsm-receiver"
| #define PACKAGE_VERSION "0.0.3"
| #define PACKAGE_STRING "gsm-receiver 0.0.3"
| #define PACKAGE_BUGREPORT ""
| #define PACKAGE_URL ""
| #define PACKAGE "gsm-receiver"
| #define VERSION "0.0.3"
| #define STDC_HEADERS 1
| #define HAVE_SYS_TYPES_H 1
| #define HAVE_SYS_STAT_H 1
| #define HAVE_STDLIB_H 1
| #define HAVE_STRING_H 1
| #define HAVE_MEMORY_H 1
| #define HAVE_STRINGS_H 1
| #define HAVE_INTTYPES_H 1
| #define HAVE_STDINT_H 1
| #define HAVE_UNISTD_H 1
| #define __EXTENSIONS__ 1
| #define _ALL_SOURCE 1
| #define _GNU_SOURCE 1
| #define _POSIX_PTHREAD_SEMANTICS 1
| #define _TANDEM_SOURCE 1
| #define CXX_HAS_STD_ISNAN /**/
| #define HAVE_DLFCN_H 1
| #define LT_OBJDIR ".libs/"
| #define HAVE_PYTHON_H 1
| #define STDC_HEADERS 1
| #define TIME_WITH_SYS_TIME 1
| /* end confdefs.h.  */
| #include <sys/types.h>
| 		#include <sys/param.h>
| 
| int
| main ()
| {
| #if BYTE_ORDER != BIG_ENDIAN
| 		 not big endian
| 		#endif
| 
|   ;
|   return 0;
| }
configure:16474: result: no
configure:16498: checking for sys/types.h
configure:16498: result: yes
configure:16498: checking fcntl.h usability
configure:16498: gcc -c -g -O2 -Wall  conftest.c >&5
configure:16498: $? = 0
configure:16498: result: yes
configure:16498: checking fcntl.h presence
configure:16498: gcc -E  conftest.c
configure:16498: $? = 0
configure:16498: result: yes
configure:16498: checking for fcntl.h
configure:16498: result: yes
configure:16498: checking io.h usability
configure:16498: gcc -c -g -O2 -Wall  conftest.c >&5
conftest.c:67:16: error: io.h: No such file or directory
configure:16498: $? = 1
configure: failed program was:
| /* confdefs.h */
| #define PACKAGE_NAME "gsm-receiver"
| #define PACKAGE_TARNAME "gsm-receiver"
| #define PACKAGE_VERSION "0.0.3"
| #define PACKAGE_STRING "gsm-receiver 0.0.3"
| #define PACKAGE_BUGREPORT ""
| #define PACKAGE_URL ""
| #define PACKAGE "gsm-receiver"
| #define VERSION "0.0.3"
| #define STDC_HEADERS 1
| #define HAVE_SYS_TYPES_H 1
| #define HAVE_SYS_STAT_H 1
| #define HAVE_STDLIB_H 1
| #define HAVE_STRING_H 1
| #define HAVE_MEMORY_H 1
| #define HAVE_STRINGS_H 1
| #define HAVE_INTTYPES_H 1
| #define HAVE_STDINT_H 1
| #define HAVE_UNISTD_H 1
| #define __EXTENSIONS__ 1
| #define _ALL_SOURCE 1
| #define _GNU_SOURCE 1
| #define _POSIX_PTHREAD_SEMANTICS 1
| #define _TANDEM_SOURCE 1
| #define CXX_HAS_STD_ISNAN /**/
| #define HAVE_DLFCN_H 1
| #define LT_OBJDIR ".libs/"
| #define HAVE_PYTHON_H 1
| #define STDC_HEADERS 1
| #define TIME_WITH_SYS_TIME 1
| #define HAVE_SYS_TYPES_H 1
| #define HAVE_FCNTL_H 1
| /* end confdefs.h.  */
| #include <stdio.h>
| #ifdef HAVE_SYS_TYPES_H
| # include <sys/types.h>
| #endif
| #ifdef HAVE_SYS_STAT_H
| # include <sys/stat.h>
| #endif
| #ifdef STDC_HEADERS
| # include <stdlib.h>
| # include <stddef.h>
| #else
| # ifdef HAVE_STDLIB_H
| #  include <stdlib.h>
| # endif
| #endif
| #ifdef HAVE_STRING_H
| # if !defined STDC_HEADERS && defined HAVE_MEMORY_H
| #  include <memory.h>
| # endif
| # include <string.h>
| #endif
| #ifdef HAVE_STRINGS_H
| # include <strings.h>
| #endif
| #ifdef HAVE_INTTYPES_H
| # include <inttypes.h>
| #endif
| #ifdef HAVE_STDINT_H
| # include <stdint.h>
| #endif
| #ifdef HAVE_UNISTD_H
| # include <unistd.h>
| #endif
| #include <io.h>
configure:16498: result: no
configure:16498: checking io.h presence
configure:16498: gcc -E  conftest.c
conftest.c:34:16: error: io.h: No such file or directory
configure:16498: $? = 1
configure: failed program was:
| /* confdefs.h */
| #define PACKAGE_NAME "gsm-receiver"
| #define PACKAGE_TARNAME "gsm-receiver"
| #define PACKAGE_VERSION "0.0.3"
| #define PACKAGE_STRING "gsm-receiver 0.0.3"
| #define PACKAGE_BUGREPORT ""
| #define PACKAGE_URL ""
| #define PACKAGE "gsm-receiver"
| #define VERSION "0.0.3"
| #define STDC_HEADERS 1
| #define HAVE_SYS_TYPES_H 1
| #define HAVE_SYS_STAT_H 1
| #define HAVE_STDLIB_H 1
| #define HAVE_STRING_H 1
| #define HAVE_MEMORY_H 1
| #define HAVE_STRINGS_H 1
| #define HAVE_INTTYPES_H 1
| #define HAVE_STDINT_H 1
| #define HAVE_UNISTD_H 1
| #define __EXTENSIONS__ 1
| #define _ALL_SOURCE 1
| #define _GNU_SOURCE 1
| #define _POSIX_PTHREAD_SEMANTICS 1
| #define _TANDEM_SOURCE 1
| #define CXX_HAS_STD_ISNAN /**/
| #define HAVE_DLFCN_H 1
| #define LT_OBJDIR ".libs/"
| #define HAVE_PYTHON_H 1
| #define STDC_HEADERS 1
| #define TIME_WITH_SYS_TIME 1
| #define HAVE_SYS_TYPES_H 1
| #define HAVE_FCNTL_H 1
| /* end confdefs.h.  */
| #include <io.h>
configure:16498: result: no
configure:16498: checking for io.h
configure:16498: result: no
configure:16511: checking windows.h usability
configure:16511: gcc -c -g -O2 -Wall  conftest.c >&5
conftest.c:67:21: error: windows.h: No such file or directory
configure:16511: $? = 1
configure: failed program was:
| /* confdefs.h */
| #define PACKAGE_NAME "gsm-receiver"
| #define PACKAGE_TARNAME "gsm-receiver"
| #define PACKAGE_VERSION "0.0.3"
| #define PACKAGE_STRING "gsm-receiver 0.0.3"
| #define PACKAGE_BUGREPORT ""
| #define PACKAGE_URL ""
| #define PACKAGE "gsm-receiver"
| #define VERSION "0.0.3"
| #define STDC_HEADERS 1
| #define HAVE_SYS_TYPES_H 1
| #define HAVE_SYS_STAT_H 1
| #define HAVE_STDLIB_H 1
| #define HAVE_STRING_H 1
| #define HAVE_MEMORY_H 1
| #define HAVE_STRINGS_H 1
| #define HAVE_INTTYPES_H 1
| #define HAVE_STDINT_H 1
| #define HAVE_UNISTD_H 1
| #define __EXTENSIONS__ 1
| #define _ALL_SOURCE 1
| #define _GNU_SOURCE 1
| #define _POSIX_PTHREAD_SEMANTICS 1
| #define _TANDEM_SOURCE 1
| #define CXX_HAS_STD_ISNAN /**/
| #define HAVE_DLFCN_H 1
| #define LT_OBJDIR ".libs/"
| #define HAVE_PYTHON_H 1
| #define STDC_HEADERS 1
| #define TIME_WITH_SYS_TIME 1
| #define HAVE_SYS_TYPES_H 1
| #define HAVE_FCNTL_H 1
| /* end confdefs.h.  */
| #include <stdio.h>
| #ifdef HAVE_SYS_TYPES_H
| # include <sys/types.h>
| #endif
| #ifdef HAVE_SYS_STAT_H
| # include <sys/stat.h>
| #endif
| #ifdef STDC_HEADERS
| # include <stdlib.h>
| # include <stddef.h>
| #else
| # ifdef HAVE_STDLIB_H
| #  include <stdlib.h>
| # endif
| #endif
| #ifdef HAVE_STRING_H
| # if !defined STDC_HEADERS && defined HAVE_MEMORY_H
| #  include <memory.h>
| # endif
| # include <string.h>
| #endif
| #ifdef HAVE_STRINGS_H
| # include <strings.h>
| #endif
| #ifdef HAVE_INTTYPES_H
| # include <inttypes.h>
| #endif
| #ifdef HAVE_STDINT_H
| # include <stdint.h>
| #endif
| #ifdef HAVE_UNISTD_H
| # include <unistd.h>
| #endif
| #include <windows.h>
configure:16511: result: no
configure:16511: checking windows.h presence
configure:16511: gcc -E  conftest.c
conftest.c:34:21: error: windows.h: No such file or directory
configure:16511: $? = 1
configure: failed program was:
| /* confdefs.h */
| #define PACKAGE_NAME "gsm-receiver"
| #define PACKAGE_TARNAME "gsm-receiver"
| #define PACKAGE_VERSION "0.0.3"
| #define PACKAGE_STRING "gsm-receiver 0.0.3"
| #define PACKAGE_BUGREPORT ""
| #define PACKAGE_URL ""
| #define PACKAGE "gsm-receiver"
| #define VERSION "0.0.3"
| #define STDC_HEADERS 1
| #define HAVE_SYS_TYPES_H 1
| #define HAVE_SYS_STAT_H 1
| #define HAVE_STDLIB_H 1
| #define HAVE_STRING_H 1
| #define HAVE_MEMORY_H 1
| #define HAVE_STRINGS_H 1
| #define HAVE_INTTYPES_H 1
| #define HAVE_STDINT_H 1
| #define HAVE_UNISTD_H 1
| #define __EXTENSIONS__ 1
| #define _ALL_SOURCE 1
| #define _GNU_SOURCE 1
| #define _POSIX_PTHREAD_SEMANTICS 1
| #define _TANDEM_SOURCE 1
| #define CXX_HAS_STD_ISNAN /**/
| #define HAVE_DLFCN_H 1
| #define LT_OBJDIR ".libs/"
| #define HAVE_PYTHON_H 1
| #define STDC_HEADERS 1
| #define TIME_WITH_SYS_TIME 1
| #define HAVE_SYS_TYPES_H 1
| #define HAVE_FCNTL_H 1
| /* end confdefs.h.  */
| #include <windows.h>
configure:16511: result: no
configure:16511: checking for windows.h
configure:16511: result: no
configure:16524: checking for winioctl.h
configure:16524: gcc -c -g -O2 -Wall  conftest.c >&5
conftest.c:40:22: error: winioctl.h: No such file or directory
configure:16524: $? = 1
configure: failed program was:
| /* confdefs.h */
| #define PACKAGE_NAME "gsm-receiver"
| #define PACKAGE_TARNAME "gsm-receiver"
| #define PACKAGE_VERSION "0.0.3"
| #define PACKAGE_STRING "gsm-receiver 0.0.3"
| #define PACKAGE_BUGREPORT ""
| #define PACKAGE_URL ""
| #define PACKAGE "gsm-receiver"
| #define VERSION "0.0.3"
| #define STDC_HEADERS 1
| #define HAVE_SYS_TYPES_H 1
| #define HAVE_SYS_STAT_H 1
| #define HAVE_STDLIB_H 1
| #define HAVE_STRING_H 1
| #define HAVE_MEMORY_H 1
| #define HAVE_STRINGS_H 1
| #define HAVE_INTTYPES_H 1
| #define HAVE_STDINT_H 1
| #define HAVE_UNISTD_H 1
| #define __EXTENSIONS__ 1
| #define _ALL_SOURCE 1
| #define _GNU_SOURCE 1
| #define _POSIX_PTHREAD_SEMANTICS 1
| #define _TANDEM_SOURCE 1
| #define CXX_HAS_STD_ISNAN /**/
| #define HAVE_DLFCN_H 1
| #define LT_OBJDIR ".libs/"
| #define HAVE_PYTHON_H 1
| #define STDC_HEADERS 1
| #define TIME_WITH_SYS_TIME 1
| #define HAVE_SYS_TYPES_H 1
| #define HAVE_FCNTL_H 1
| /* end confdefs.h.  */
| 
| 	#if HAVE_WINDOWS_H
| 	#include <windows.h>
| 	#endif
| 
| 
| #include <winioctl.h>
configure:16524: result: no
configure:16524: checking for winbase.h
configure:16524: gcc -c -g -O2 -Wall  conftest.c >&5
conftest.c:40:21: error: winbase.h: No such file or directory
configure:16524: $? = 1
configure: failed program was:
| /* confdefs.h */
| #define PACKAGE_NAME "gsm-receiver"
| #define PACKAGE_TARNAME "gsm-receiver"
| #define PACKAGE_VERSION "0.0.3"
| #define PACKAGE_STRING "gsm-receiver 0.0.3"
| #define PACKAGE_BUGREPORT ""
| #define PACKAGE_URL ""
| #define PACKAGE "gsm-receiver"
| #define VERSION "0.0.3"
| #define STDC_HEADERS 1
| #define HAVE_SYS_TYPES_H 1
| #define HAVE_SYS_STAT_H 1
| #define HAVE_STDLIB_H 1
| #define HAVE_STRING_H 1
| #define HAVE_MEMORY_H 1
| #define HAVE_STRINGS_H 1
| #define HAVE_INTTYPES_H 1
| #define HAVE_STDINT_H 1
| #define HAVE_UNISTD_H 1
| #define __EXTENSIONS__ 1
| #define _ALL_SOURCE 1
| #define _GNU_SOURCE 1
| #define _POSIX_PTHREAD_SEMANTICS 1
| #define _TANDEM_SOURCE 1
| #define CXX_HAS_STD_ISNAN /**/
| #define HAVE_DLFCN_H 1
| #define LT_OBJDIR ".libs/"
| #define HAVE_PYTHON_H 1
| #define STDC_HEADERS 1
| #define TIME_WITH_SYS_TIME 1
| #define HAVE_SYS_TYPES_H 1
| #define HAVE_FCNTL_H 1
| /* end confdefs.h.  */
| 
| 	#if HAVE_WINDOWS_H
| 	#include <windows.h>
| 	#endif
| 
| 
| #include <winbase.h>
configure:16524: result: no
configure:16544: checking for getopt
configure:16544: gcc -o conftest -g -O2 -Wall   conftest.c  >&5
configure:16544: $? = 0
configure:16544: result: yes
configure:16544: checking for usleep
configure:16544: gcc -o conftest -g -O2 -Wall   conftest.c  >&5
configure:16544: $? = 0
configure:16544: result: yes
configure:16544: checking for gettimeofday
configure:16544: gcc -o conftest -g -O2 -Wall   conftest.c  >&5
configure:16544: $? = 0
configure:16544: result: yes
configure:16544: checking for nanosleep
configure:16544: gcc -o conftest -g -O2 -Wall   conftest.c  >&5
configure:16544: $? = 0
configure:16544: result: yes
configure:16544: checking for rand
configure:16544: gcc -o conftest -g -O2 -Wall   conftest.c  >&5
configure:16544: $? = 0
configure:16544: result: yes
configure:16544: checking for srand
configure:16544: gcc -o conftest -g -O2 -Wall   conftest.c  >&5
configure:16544: $? = 0
configure:16544: result: yes
configure:16544: checking for random
configure:16544: gcc -o conftest -g -O2 -Wall   conftest.c  >&5
configure:16544: $? = 0
configure:16544: result: yes
configure:16544: checking for srandom
configure:16544: gcc -o conftest -g -O2 -Wall   conftest.c  >&5
configure:16544: $? = 0
configure:16544: result: yes
configure:16544: checking for sleep
configure:16544: gcc -o conftest -g -O2 -Wall   conftest.c  >&5
configure:16544: $? = 0
configure:16544: result: yes
configure:16544: checking for sigaction
configure:16544: gcc -o conftest -g -O2 -Wall   conftest.c  >&5
configure:16544: $? = 0
configure:16544: result: yes
configure:16554: checking for struct timezone
configure:16554: gcc -c -g -O2 -Wall  conftest.c >&5
configure:16554: $? = 0
configure:16554: gcc -c -g -O2 -Wall  conftest.c >&5
conftest.c: In function 'main':
conftest.c:63: error: expected expression before ')' token
configure:16554: $? = 1
configure: failed program was:
| /* confdefs.h */
| #define PACKAGE_NAME "gsm-receiver"
| #define PACKAGE_TARNAME "gsm-receiver"
| #define PACKAGE_VERSION "0.0.3"
| #define PACKAGE_STRING "gsm-receiver 0.0.3"
| #define PACKAGE_BUGREPORT ""
| #define PACKAGE_URL ""
| #define PACKAGE "gsm-receiver"
| #define VERSION "0.0.3"
| #define STDC_HEADERS 1
| #define HAVE_SYS_TYPES_H 1
| #define HAVE_SYS_STAT_H 1
| #define HAVE_STDLIB_H 1
| #define HAVE_STRING_H 1
| #define HAVE_MEMORY_H 1
| #define HAVE_STRINGS_H 1
| #define HAVE_INTTYPES_H 1
| #define HAVE_STDINT_H 1
| #define HAVE_UNISTD_H 1
| #define __EXTENSIONS__ 1
| #define _ALL_SOURCE 1
| #define _GNU_SOURCE 1
| #define _POSIX_PTHREAD_SEMANTICS 1
| #define _TANDEM_SOURCE 1
| #define CXX_HAS_STD_ISNAN /**/
| #define HAVE_DLFCN_H 1
| #define LT_OBJDIR ".libs/"
| #define HAVE_PYTHON_H 1
| #define STDC_HEADERS 1
| #define TIME_WITH_SYS_TIME 1
| #define HAVE_SYS_TYPES_H 1
| #define HAVE_FCNTL_H 1
| #define HAVE_GETOPT 1
| #define HAVE_USLEEP 1
| #define HAVE_GETTIMEOFDAY 1
| #define HAVE_NANOSLEEP 1
| #define HAVE_RAND 1
| #define HAVE_SRAND 1
| #define HAVE_RANDOM 1
| #define HAVE_SRANDOM 1
| #define HAVE_SLEEP 1
| #define HAVE_SIGACTION 1
| /* end confdefs.h.  */
| 
|      #if HAVE_SYS_TYPES_H
|      # include <sys/types.h>
|      #endif
|      #if TIME_WITH_SYS_TIME
|      # include <sys/time.h>
|      # include <time.h>
|      #else
|      # if HAVE_SYS_TIME_H
|      #  include <sys/time.h>
|      # else
|      #  include <time.h>
|      # endif
|      #endif
| 
| 
| int
| main ()
| {
| if (sizeof ((struct timezone)))
| 	    return 0;
|   ;
|   return 0;
| }
configure:16554: result: yes
configure:16578: checking for struct timespec
configure:16578: gcc -c -g -O2 -Wall  conftest.c >&5
configure:16578: $? = 0
configure:16578: gcc -c -g -O2 -Wall  conftest.c >&5
conftest.c: In function 'main':
conftest.c:64: error: expected expression before ')' token
configure:16578: $? = 1
configure: failed program was:
| /* confdefs.h */
| #define PACKAGE_NAME "gsm-receiver"
| #define PACKAGE_TARNAME "gsm-receiver"
| #define PACKAGE_VERSION "0.0.3"
| #define PACKAGE_STRING "gsm-receiver 0.0.3"
| #define PACKAGE_BUGREPORT ""
| #define PACKAGE_URL ""
| #define PACKAGE "gsm-receiver"
| #define VERSION "0.0.3"
| #define STDC_HEADERS 1
| #define HAVE_SYS_TYPES_H 1
| #define HAVE_SYS_STAT_H 1
| #define HAVE_STDLIB_H 1
| #define HAVE_STRING_H 1
| #define HAVE_MEMORY_H 1
| #define HAVE_STRINGS_H 1
| #define HAVE_INTTYPES_H 1
| #define HAVE_STDINT_H 1
| #define HAVE_UNISTD_H 1
| #define __EXTENSIONS__ 1
| #define _ALL_SOURCE 1
| #define _GNU_SOURCE 1
| #define _POSIX_PTHREAD_SEMANTICS 1
| #define _TANDEM_SOURCE 1
| #define CXX_HAS_STD_ISNAN /**/
| #define HAVE_DLFCN_H 1
| #define LT_OBJDIR ".libs/"
| #define HAVE_PYTHON_H 1
| #define STDC_HEADERS 1
| #define TIME_WITH_SYS_TIME 1
| #define HAVE_SYS_TYPES_H 1
| #define HAVE_FCNTL_H 1
| #define HAVE_GETOPT 1
| #define HAVE_USLEEP 1
| #define HAVE_GETTIMEOFDAY 1
| #define HAVE_NANOSLEEP 1
| #define HAVE_RAND 1
| #define HAVE_SRAND 1
| #define HAVE_RANDOM 1
| #define HAVE_SRANDOM 1
| #define HAVE_SLEEP 1
| #define HAVE_SIGACTION 1
| #define HAVE_STRUCT_TIMEZONE 1
| /* end confdefs.h.  */
| 
|      #if HAVE_SYS_TYPES_H
|      # include <sys/types.h>
|      #endif
|      #if TIME_WITH_SYS_TIME
|      # include <sys/time.h>
|      # include <time.h>
|      #else
|      # if HAVE_SYS_TIME_H
|      #  include <sys/time.h>
|      # else
|      #  include <time.h>
|      # endif
|      #endif
| 
| 
| int
| main ()
| {
| if (sizeof ((struct timespec)))
| 	    return 0;
|   ;
|   return 0;
| }
configure:16578: result: yes
configure:16602: checking for ssize_t
configure:16602: gcc -c -g -O2 -Wall  conftest.c >&5
configure:16602: $? = 0
configure:16602: gcc -c -g -O2 -Wall  conftest.c >&5
conftest.c: In function 'main':
conftest.c:65: error: expected expression before ')' token
configure:16602: $? = 1
configure: failed program was:
| /* confdefs.h */
| #define PACKAGE_NAME "gsm-receiver"
| #define PACKAGE_TARNAME "gsm-receiver"
| #define PACKAGE_VERSION "0.0.3"
| #define PACKAGE_STRING "gsm-receiver 0.0.3"
| #define PACKAGE_BUGREPORT ""
| #define PACKAGE_URL ""
| #define PACKAGE "gsm-receiver"
| #define VERSION "0.0.3"
| #define STDC_HEADERS 1
| #define HAVE_SYS_TYPES_H 1
| #define HAVE_SYS_STAT_H 1
| #define HAVE_STDLIB_H 1
| #define HAVE_STRING_H 1
| #define HAVE_MEMORY_H 1
| #define HAVE_STRINGS_H 1
| #define HAVE_INTTYPES_H 1
| #define HAVE_STDINT_H 1
| #define HAVE_UNISTD_H 1
| #define __EXTENSIONS__ 1
| #define _ALL_SOURCE 1
| #define _GNU_SOURCE 1
| #define _POSIX_PTHREAD_SEMANTICS 1
| #define _TANDEM_SOURCE 1
| #define CXX_HAS_STD_ISNAN /**/
| #define HAVE_DLFCN_H 1
| #define LT_OBJDIR ".libs/"
| #define HAVE_PYTHON_H 1
| #define STDC_HEADERS 1
| #define TIME_WITH_SYS_TIME 1
| #define HAVE_SYS_TYPES_H 1
| #define HAVE_FCNTL_H 1
| #define HAVE_GETOPT 1
| #define HAVE_USLEEP 1
| #define HAVE_GETTIMEOFDAY 1
| #define HAVE_NANOSLEEP 1
| #define HAVE_RAND 1
| #define HAVE_SRAND 1
| #define HAVE_RANDOM 1
| #define HAVE_SRANDOM 1
| #define HAVE_SLEEP 1
| #define HAVE_SIGACTION 1
| #define HAVE_STRUCT_TIMEZONE 1
| #define HAVE_STRUCT_TIMESPEC 1
| /* end confdefs.h.  */
| 
|      #if HAVE_SYS_TYPES_H
|      # include <sys/types.h>
|      #endif
|      #if TIME_WITH_SYS_TIME
|      # include <sys/time.h>
|      # include <time.h>
|      #else
|      # if HAVE_SYS_TIME_H
|      #  include <sys/time.h>
|      # else
|      #  include <time.h>
|      # endif
|      #endif
| 
| 
| int
| main ()
| {
| if (sizeof ((ssize_t)))
| 	    return 0;
|   ;
|   return 0;
| }
configure:16602: result: yes
configure:16631: checking for getopt
configure:16631: result: yes
configure:16631: checking for usleep
configure:16631: result: yes
configure:16631: checking for gettimeofday
configure:16631: result: yes
configure:16651: checking for Sleep
configure:16666: gcc -o conftest -g -O2 -Wall   conftest.c  >&5
conftest.c:50:24: error: windows.h: No such file or directory
conftest.c:51:37: error: winbase.h: No such file or directory
conftest.c: In function 'main':
conftest.c:56: warning: implicit declaration of function 'Sleep'
configure:16666: $? = 1
configure: failed program was:
| /* confdefs.h */
| #define PACKAGE_NAME "gsm-receiver"
| #define PACKAGE_TARNAME "gsm-receiver"
| #define PACKAGE_VERSION "0.0.3"
| #define PACKAGE_STRING "gsm-receiver 0.0.3"
| #define PACKAGE_BUGREPORT ""
| #define PACKAGE_URL ""
| #define PACKAGE "gsm-receiver"
| #define VERSION "0.0.3"
| #define STDC_HEADERS 1
| #define HAVE_SYS_TYPES_H 1
| #define HAVE_SYS_STAT_H 1
| #define HAVE_STDLIB_H 1
| #define HAVE_STRING_H 1
| #define HAVE_MEMORY_H 1
| #define HAVE_STRINGS_H 1
| #define HAVE_INTTYPES_H 1
| #define HAVE_STDINT_H 1
| #define HAVE_UNISTD_H 1
| #define __EXTENSIONS__ 1
| #define _ALL_SOURCE 1
| #define _GNU_SOURCE 1
| #define _POSIX_PTHREAD_SEMANTICS 1
| #define _TANDEM_SOURCE 1
| #define CXX_HAS_STD_ISNAN /**/
| #define HAVE_DLFCN_H 1
| #define LT_OBJDIR ".libs/"
| #define HAVE_PYTHON_H 1
| #define STDC_HEADERS 1
| #define TIME_WITH_SYS_TIME 1
| #define HAVE_SYS_TYPES_H 1
| #define HAVE_FCNTL_H 1
| #define HAVE_GETOPT 1
| #define HAVE_USLEEP 1
| #define HAVE_GETTIMEOFDAY 1
| #define HAVE_NANOSLEEP 1
| #define HAVE_RAND 1
| #define HAVE_SRAND 1
| #define HAVE_RANDOM 1
| #define HAVE_SRANDOM 1
| #define HAVE_SLEEP 1
| #define HAVE_SIGACTION 1
| #define HAVE_STRUCT_TIMEZONE 1
| #define HAVE_STRUCT_TIMESPEC 1
| #define HAVE_SSIZE_T 1
| #define HAVE_GETOPT 1
| #define HAVE_USLEEP 1
| #define HAVE_GETTIMEOFDAY 1
| /* end confdefs.h.  */
|    #include <windows.h>
|                 #include <winbase.h>
| 
| int
| main ()
| {
|  Sleep(0);
|   ;
|   return 0;
| }
configure:16673: result: no
configure:16680: checking whether mkdir accepts only one arg
configure:16697: gcc -c -g -O2 -Wall  conftest.c >&5
conftest.c: In function 'main':
conftest.c:57: error: too few arguments to function 'mkdir'
configure:16697: $? = 1
configure: failed program was:
| /* confdefs.h */
| #define PACKAGE_NAME "gsm-receiver"
| #define PACKAGE_TARNAME "gsm-receiver"
| #define PACKAGE_VERSION "0.0.3"
| #define PACKAGE_STRING "gsm-receiver 0.0.3"
| #define PACKAGE_BUGREPORT ""
| #define PACKAGE_URL ""
| #define PACKAGE "gsm-receiver"
| #define VERSION "0.0.3"
| #define STDC_HEADERS 1
| #define HAVE_SYS_TYPES_H 1
| #define HAVE_SYS_STAT_H 1
| #define HAVE_STDLIB_H 1
| #define HAVE_STRING_H 1
| #define HAVE_MEMORY_H 1
| #define HAVE_STRINGS_H 1
| #define HAVE_INTTYPES_H 1
| #define HAVE_STDINT_H 1
| #define HAVE_UNISTD_H 1
| #define __EXTENSIONS__ 1
| #define _ALL_SOURCE 1
| #define _GNU_SOURCE 1
| #define _POSIX_PTHREAD_SEMANTICS 1
| #define _TANDEM_SOURCE 1
| #define CXX_HAS_STD_ISNAN /**/
| #define HAVE_DLFCN_H 1
| #define LT_OBJDIR ".libs/"
| #define HAVE_PYTHON_H 1
| #define STDC_HEADERS 1
| #define TIME_WITH_SYS_TIME 1
| #define HAVE_SYS_TYPES_H 1
| #define HAVE_FCNTL_H 1
| #define HAVE_GETOPT 1
| #define HAVE_USLEEP 1
| #define HAVE_GETTIMEOFDAY 1
| #define HAVE_NANOSLEEP 1
| #define HAVE_RAND 1
| #define HAVE_SRAND 1
| #define HAVE_RANDOM 1
| #define HAVE_SRANDOM 1
| #define HAVE_SLEEP 1
| #define HAVE_SIGACTION 1
| #define HAVE_STRUCT_TIMEZONE 1
| #define HAVE_STRUCT_TIMESPEC 1
| #define HAVE_SSIZE_T 1
| #define HAVE_GETOPT 1
| #define HAVE_USLEEP 1
| #define HAVE_GETTIMEOFDAY 1
| /* end confdefs.h.  */
| #include <sys/types.h>
|        #include <sys/stat.h>
|        #include <fcntl.h>
| int
| main ()
| {
| 
|        mkdir("")
| 
|   ;
|   return 0;
| }
configure:16704: result: no
configure:16717: checking for xmlto
configure:16747: result: no
configure:16810: checking for pkg-config
configure:16828: found /usr/bin/pkg-config
configure:16840: result: /usr/bin/pkg-config
configure:16865: checking pkg-config is at least version 0.18
configure:16868: result: yes
configure:16879: checking for GNURADIO_CORE
configure:16887: $PKG_CONFIG --exists --print-errors "gnuradio-core >= 3"
configure:16890: $? = 0
configure:16927: $PKG_CONFIG --exists --print-errors "gnuradio-core >= 3"
configure:16930: $? = 0
configure:16947: $PKG_CONFIG --exists --print-errors "gnuradio-core >= 3"
configure:16950: $? = 0
configure:17017: result: yes
configure:17138: checking for C++ compiler version
configure:17147: g++ --version >&5
g++ (Ubuntu 4.4.3-4ubuntu5.1) 4.4.3
Copyright (C) 2009 Free Software Foundation, Inc.
This is free software; see the source for copying conditions.  There is NO
warranty; not even for MERCHANTABILITY or FITNESS FOR A PARTICULAR PURPOSE.

configure:17158: $? = 0
configure:17147: g++ -v >&5
Using built-in specs.
Target: x86_64-linux-gnu
Configured with: ../src/configure -v --with-pkgversion='Ubuntu 4.4.3-4ubuntu5.1' --with-bugurl=file:///usr/share/doc/gcc-4.4/README.Bugs --enable-languages=c,c++,fortran,objc,obj-c++ --prefix=/usr --enable-shared --enable-multiarch --enable-linker-build-id --with-system-zlib --libexecdir=/usr/lib --without-included-gettext --enable-threads=posix --with-gxx-include-dir=/usr/include/c++/4.4 --program-suffix=-4.4 --enable-nls --enable-clocale=gnu --enable-libstdcxx-debug --enable-plugin --enable-objc-gc --disable-werror --with-arch-32=i486 --with-tune=generic --enable-checking=release --build=x86_64-linux-gnu --host=x86_64-linux-gnu --target=x86_64-linux-gnu
Thread model: posix
gcc version 4.4.3 (Ubuntu 4.4.3-4ubuntu5.1) 
configure:17158: $? = 0
configure:17147: g++ -V >&5
g++: '-V' option must have argument
configure:17158: $? = 1
configure:17147: g++ -qversion >&5
g++: unrecognized option '-qversion'
g++: no input files
configure:17158: $? = 1
configure:17162: checking whether we are using the GNU C++ compiler
configure:17190: result: yes
configure:17199: checking whether g++ accepts -g
configure:17260: result: yes
configure:17285: checking dependency style of g++
configure:17395: result: gcc3
configure:17458: checking for gcc
configure:17485: result: gcc
configure:17714: checking for C compiler version
configure:17723: gcc --version >&5
gcc (Ubuntu 4.4.3-4ubuntu5.1) 4.4.3
Copyright (C) 2009 Free Software Foundation, Inc.
This is free software; see the source for copying conditions.  There is NO
warranty; not even for MERCHANTABILITY or FITNESS FOR A PARTICULAR PURPOSE.

configure:17734: $? = 0
configure:17723: gcc -v >&5
Using built-in specs.
Target: x86_64-linux-gnu
Configured with: ../src/configure -v --with-pkgversion='Ubuntu 4.4.3-4ubuntu5.1' --with-bugurl=file:///usr/share/doc/gcc-4.4/README.Bugs --enable-languages=c,c++,fortran,objc,obj-c++ --prefix=/usr --enable-shared --enable-multiarch --enable-linker-build-id --with-system-zlib --libexecdir=/usr/lib --without-included-gettext --enable-threads=posix --with-gxx-include-dir=/usr/include/c++/4.4 --program-suffix=-4.4 --enable-nls --enable-clocale=gnu --enable-libstdcxx-debug --enable-plugin --enable-objc-gc --disable-werror --with-arch-32=i486 --with-tune=generic --enable-checking=release --build=x86_64-linux-gnu --host=x86_64-linux-gnu --target=x86_64-linux-gnu
Thread model: posix
gcc version 4.4.3 (Ubuntu 4.4.3-4ubuntu5.1) 
configure:17734: $? = 0
configure:17723: gcc -V >&5
gcc: '-V' option must have argument
configure:17734: $? = 1
configure:17723: gcc -qversion >&5
gcc: unrecognized option '-qversion'
gcc: no input files
configure:17734: $? = 1
configure:17738: checking whether we are using the GNU C compiler
configure:17766: result: yes
configure:17775: checking whether gcc accepts -g
configure:17836: result: yes
configure:17853: checking for gcc option to accept ISO C89
configure:17930: result: none needed
configure:17952: checking dependency style of gcc
configure:18062: result: gcc3
configure:18366: checking for boost >= 1.35
configure:18428: g++ -c -g -O2 -Wall -Woverloaded-virtual  -I/usr/include conftest.cpp >&5
configure:18428: $? = 0
configure:18429: result: yes
configure:18711: checking for the pthreads library -lpthreads
configure:18744: gcc -o conftest -g -O2 -Wall    conftest.c -lpthreads  -L/usr/local/lib -lboost_thread-mt -lboost_date_time-mt -lgnuradio-core -lgruel -lfftw3f -lgsl -lgslcblas -lm   >&5
conftest.c: In function 'main':
conftest.c:56: warning: null argument where non-null required (argument 1)
conftest.c:57: warning: null argument where non-null required (argument 1)
conftest.c:57: warning: null argument where non-null required (argument 3)
conftest.c:55: warning: 'th' is used uninitialized in this function
/usr/bin/ld: cannot find -lpthreads
collect2: ld returned 1 exit status
configure:18744: $? = 1
configure: failed program was:
| /* confdefs.h */
| #define PACKAGE_NAME "gsm-receiver"
| #define PACKAGE_TARNAME "gsm-receiver"
| #define PACKAGE_VERSION "0.0.3"
| #define PACKAGE_STRING "gsm-receiver 0.0.3"
| #define PACKAGE_BUGREPORT ""
| #define PACKAGE_URL ""
| #define PACKAGE "gsm-receiver"
| #define VERSION "0.0.3"
| #define STDC_HEADERS 1
| #define HAVE_SYS_TYPES_H 1
| #define HAVE_SYS_STAT_H 1
| #define HAVE_STDLIB_H 1
| #define HAVE_STRING_H 1
| #define HAVE_MEMORY_H 1
| #define HAVE_STRINGS_H 1
| #define HAVE_INTTYPES_H 1
| #define HAVE_STDINT_H 1
| #define HAVE_UNISTD_H 1
| #define __EXTENSIONS__ 1
| #define _ALL_SOURCE 1
| #define _GNU_SOURCE 1
| #define _POSIX_PTHREAD_SEMANTICS 1
| #define _TANDEM_SOURCE 1
| #define CXX_HAS_STD_ISNAN /**/
| #define HAVE_DLFCN_H 1
| #define LT_OBJDIR ".libs/"
| #define HAVE_PYTHON_H 1
| #define STDC_HEADERS 1
| #define TIME_WITH_SYS_TIME 1
| #define HAVE_SYS_TYPES_H 1
| #define HAVE_FCNTL_H 1
| #define HAVE_GETOPT 1
| #define HAVE_USLEEP 1
| #define HAVE_GETTIMEOFDAY 1
| #define HAVE_NANOSLEEP 1
| #define HAVE_RAND 1
| #define HAVE_SRAND 1
| #define HAVE_RANDOM 1
| #define HAVE_SRANDOM 1
| #define HAVE_SLEEP 1
| #define HAVE_SIGACTION 1
| #define HAVE_STRUCT_TIMEZONE 1
| #define HAVE_STRUCT_TIMESPEC 1
| #define HAVE_SSIZE_T 1
| #define HAVE_GETOPT 1
| #define HAVE_USLEEP 1
| #define HAVE_GETTIMEOFDAY 1
| #define HAVE_BOOST 1
| /* end confdefs.h.  */
| #include <pthread.h>
| int
| main ()
| {
| pthread_t th; pthread_join(th, 0);
|                      pthread_attr_init(0); pthread_cleanup_push(0, 0);
|                      pthread_create(0,0,0,0); pthread_cleanup_pop(0);
|   ;
|   return 0;
| }
configure:18753: result: no
configure:18656: checking whether pthreads work without any flags
configure:18744: gcc -o conftest -g -O2 -Wall    conftest.c   -L/usr/local/lib -lboost_thread-mt -lboost_date_time-mt -lgnuradio-core -lgruel -lfftw3f -lgsl -lgslcblas -lm   >&5
conftest.c: In function 'main':
conftest.c:56: warning: null argument where non-null required (argument 1)
conftest.c:57: warning: null argument where non-null required (argument 1)
conftest.c:57: warning: null argument where non-null required (argument 3)
conftest.c:55: warning: 'th' is used uninitialized in this function
configure:18744: $? = 0
configure:18753: result: yes
configure:18772: checking for joinable pthread attribute
configure:18787: gcc -o conftest -g -O2 -Wall    conftest.c   -L/usr/local/lib -lboost_thread-mt -lboost_date_time-mt -lgnuradio-core -lgruel -lfftw3f -lgsl -lgslcblas -lm   >&5
configure:18787: $? = 0
configure:18793: result: PTHREAD_CREATE_JOINABLE
configure:18803: checking if more special flags are required for pthreads
configure:18810: result: no
configure:18931: checking whether the boost::thread includes are available
configure:18954: g++ -c -g -O2 -Wall -Woverloaded-virtual   -I/usr/include conftest.cpp >&5
configure:18954: $? = 0
configure:18968: result: yes
configure:19045: checking for exit in -lboost_thread-mt
configure:19070: g++ -o conftest -g -O2 -Wall -Woverloaded-virtual   -I/usr/include  -L/usr/lib  conftest.cpp -lboost_thread-mt   -L/usr/local/lib -lboost_thread-mt -lboost_date_time-mt -lgnuradio-core -lgruel -lfftw3f -lgsl -lgslcblas -lm   >&5
configure:19070: $? = 0
configure:19080: result: yes
configure:19145: checking whether the boost::date_time includes are available
configure:19167: g++ -c -g -O2 -Wall -Woverloaded-virtual   -I/usr/include conftest.cpp >&5
configure:19167: $? = 0
configure:19181: result: yes
configure:19255: checking for exit in -lboost_date_time-mt
configure:19280: g++ -o conftest -g -O2 -Wall -Woverloaded-virtual   -I/usr/include  -L/usr/lib conftest.cpp -lboost_date_time-mt   -L/usr/local/lib -lboost_thread-mt -lboost_date_time-mt -lgnuradio-core -lgruel -lfftw3f -lgsl -lgslcblas -lm   >&5
configure:19280: $? = 0
configure:19290: result: yes
configure:19351: checking whether the boost::iostreams includes are available
configure:19377: g++ -c -g -O2 -Wall -Woverloaded-virtual   -I/usr/include conftest.cpp >&5
configure:19377: $? = 0
configure:19391: result: yes
configure:19465: checking for exit in -lboost_iostreams-mt
configure:19490: g++ -o conftest -g -O2 -Wall -Woverloaded-virtual   -I/usr/include  -L/usr/lib conftest.cpp -lboost_iostreams-mt   -L/usr/local/lib -lboost_thread-mt -lboost_date_time-mt -lgnuradio-core -lgruel -lfftw3f -lgsl -lgslcblas -lm   >&5
configure:19490: $? = 0
configure:19500: result: yes
configure:19562: checking whether the boost::program_options includes are available
configure:19585: g++ -c -g -O2 -Wall -Woverloaded-virtual   -I/usr/include conftest.cpp >&5
configure:19585: $? = 0
configure:19599: result: yes
configure:19673: checking for exit in -lboost_program_options-mt
configure:19698: g++ -o conftest -g -O2 -Wall -Woverloaded-virtual   -I/usr/include  -L/usr/lib conftest.cpp -lboost_program_options-mt   -L/usr/local/lib -lboost_thread-mt -lboost_date_time-mt -lgnuradio-core -lgruel -lfftw3f -lgsl -lgslcblas -lm   >&5
configure:19698: $? = 0
configure:19708: result: yes
configure:19769: checking whether the boost::system includes are available
configure:19791: g++ -c -g -O2 -Wall -Woverloaded-virtual   -I/usr/include conftest.cpp >&5
conftest.cpp: In function 'int main()':
conftest.cpp:61: warning: statement has no effect
configure:19791: $? = 0
configure:19805: result: yes
configure:19879: checking for exit in -lboost_system-mt
configure:19904: g++ -o conftest -g -O2 -Wall -Woverloaded-virtual   -I/usr/include  -L/usr/lib conftest.cpp -lboost_system-mt   -L/usr/local/lib -lboost_thread-mt -lboost_date_time-mt -lgnuradio-core -lgruel -lfftw3f -lgsl -lgslcblas -lm   >&5
configure:19904: $? = 0
configure:19914: result: yes
configure:20088: creating ./config.status

## ---------------- ##
## Cache variables. ##
## ---------------- ##

ac_cv_build=x86_64-unknown-linux-gnu
ac_cv_c_bigendian=no
ac_cv_c_compiler_gnu=yes
ac_cv_c_const=yes
ac_cv_c_inline=inline
ac_cv_cxx_compiler_gnu=yes
ac_cv_env_CCASFLAGS_set=
ac_cv_env_CCASFLAGS_value=
ac_cv_env_CCAS_set=
ac_cv_env_CCAS_value=
ac_cv_env_CCC_set=
ac_cv_env_CCC_value=
ac_cv_env_CC_set=
ac_cv_env_CC_value=
ac_cv_env_CFLAGS_set=
ac_cv_env_CFLAGS_value=
ac_cv_env_CPPFLAGS_set=
ac_cv_env_CPPFLAGS_value=
ac_cv_env_CPP_set=
ac_cv_env_CPP_value=
ac_cv_env_CXXCPP_set=
ac_cv_env_CXXCPP_value=
ac_cv_env_CXXFLAGS_set=
ac_cv_env_CXXFLAGS_value=
ac_cv_env_CXX_set=
ac_cv_env_CXX_value=
ac_cv_env_GNURADIO_CORE_CFLAGS_set=
ac_cv_env_GNURADIO_CORE_CFLAGS_value=
ac_cv_env_GNURADIO_CORE_INCLUDEDIR_set=
ac_cv_env_GNURADIO_CORE_INCLUDEDIR_value=
ac_cv_env_GNURADIO_CORE_LIBS_set=
ac_cv_env_GNURADIO_CORE_LIBS_value=
ac_cv_env_LDFLAGS_set=
ac_cv_env_LDFLAGS_value=
ac_cv_env_LIBS_set=
ac_cv_env_LIBS_value=
ac_cv_env_PKG_CONFIG_set=
ac_cv_env_PKG_CONFIG_value=
ac_cv_env_build_alias_set=
ac_cv_env_build_alias_value=
ac_cv_env_host_alias_set=
ac_cv_env_host_alias_value=
ac_cv_env_target_alias_set=
ac_cv_env_target_alias_value=
ac_cv_func_getopt=yes
ac_cv_func_gettimeofday=yes
ac_cv_func_nanosleep=yes
ac_cv_func_rand=yes
ac_cv_func_random=yes
ac_cv_func_sigaction=yes
ac_cv_func_sleep=yes
ac_cv_func_srand=yes
ac_cv_func_srandom=yes
ac_cv_func_usleep=yes
ac_cv_header_Python_h=yes
ac_cv_header_dlfcn_h=yes
ac_cv_header_fcntl_h=yes
ac_cv_header_inttypes_h=yes
ac_cv_header_io_h=no
ac_cv_header_memory_h=yes
ac_cv_header_minix_config_h=no
ac_cv_header_stdc=yes
ac_cv_header_stdint_h=yes
ac_cv_header_stdlib_h=yes
ac_cv_header_string_h=yes
ac_cv_header_strings_h=yes
ac_cv_header_sys_stat_h=yes
ac_cv_header_sys_types_h=yes
ac_cv_header_time=yes
ac_cv_header_unistd_h=yes
ac_cv_header_winbase_h=no
ac_cv_header_windows_h=no
ac_cv_header_winioctl_h=no
ac_cv_host=x86_64-unknown-linux-gnu
ac_cv_lib_boost_date_time_mt___exit=yes
ac_cv_lib_boost_iostreams_mt___exit=yes
ac_cv_lib_boost_program_options_mt___exit=yes
ac_cv_lib_boost_system_mt___exit=yes
ac_cv_lib_boost_thread_mt___exit=yes
ac_cv_objext=o
ac_cv_path_EGREP='/bin/grep -E'
ac_cv_path_FGREP='/bin/grep -F'
ac_cv_path_GREP=/bin/grep
ac_cv_path_PYTHON=/usr/bin/python
ac_cv_path_RM_PROG=/bin/rm
ac_cv_path_SED=/bin/sed
ac_cv_path_ac_pt_PKG_CONFIG=/usr/bin/pkg-config
ac_cv_path_install='/usr/bin/install -c'
ac_cv_path_mkdir=/bin/mkdir
ac_cv_prog_AWK=gawk
ac_cv_prog_CPP='gcc -E'
ac_cv_prog_CXXCPP='g++ -E'
ac_cv_prog_SWIG=/usr/bin/swig
ac_cv_prog_ac_ct_AR=ar
ac_cv_prog_ac_ct_CC=gcc
ac_cv_prog_ac_ct_CXX=g++
ac_cv_prog_ac_ct_OBJDUMP=objdump
ac_cv_prog_ac_ct_RANLIB=ranlib
ac_cv_prog_ac_ct_STRIP=strip
ac_cv_prog_cc_c89=
ac_cv_prog_cc_g=yes
ac_cv_prog_cxx_g=yes
ac_cv_prog_make_make_set=yes
ac_cv_safe_to_define___extensions__=yes
ac_cv_search_strerror='none required'
ac_cv_target=x86_64-unknown-linux-gnu
ac_cv_type_size_t=yes
ac_cv_type_ssize_t=yes
ac_cv_type_struct_timespec=yes
ac_cv_type_struct_timezone=yes
am_cv_CCAS_dependencies_compiler_type=gcc3
am_cv_CC_dependencies_compiler_type=gcc3
am_cv_CXX_dependencies_compiler_type=gcc3
am_cv_python_platform=linux2
am_cv_python_pyexecdir='${exec_prefix}/lib/python2.6/dist-packages'
am_cv_python_pythondir='${prefix}/lib/python2.6/dist-packages'
am_cv_python_version=2.6
ax_cv_boost_date_time=yes
ax_cv_boost_iostreams=yes
ax_cv_boost_program_options=yes
ax_cv_boost_system=yes
ax_cv_boost_thread=yes
lt_cv_deplibs_check_method=pass_all
lt_cv_file_magic_cmd='$MAGIC_CMD'
lt_cv_file_magic_test_file=
lt_cv_ld_reload_flag=-r
lt_cv_nm_interface='BSD nm'
lt_cv_objdir=.libs
lt_cv_path_LD=/usr/bin/ld
lt_cv_path_LDCXX='/usr/bin/ld -m elf_x86_64'
lt_cv_path_NM='/usr/bin/nm -B'
lt_cv_prog_compiler_c_o=yes
lt_cv_prog_compiler_c_o_CXX=yes
lt_cv_prog_compiler_pic_works=yes
lt_cv_prog_compiler_pic_works_CXX=yes
lt_cv_prog_compiler_rtti_exceptions=no
lt_cv_prog_compiler_static_works=yes
lt_cv_prog_compiler_static_works_CXX=yes
lt_cv_prog_gnu_ld=yes
lt_cv_prog_gnu_ldcxx=yes
lt_cv_sys_global_symbol_pipe='sed -n -e '\''s/^.*[	 ]\([ABCDGIRSTW][ABCDGIRSTW]*\)[	 ][	 ]*\([_A-Za-z][_A-Za-z0-9]*\)$/\1 \2 \2/p'\'''
lt_cv_sys_global_symbol_to_c_name_address='sed -n -e '\''s/^: \([^ ]*\) $/  {\"\1\", (void *) 0},/p'\'' -e '\''s/^[ABCDGIRSTW]* \([^ ]*\) \([^ ]*\)$/  {"\2", (void *) \&\2},/p'\'''
lt_cv_sys_global_symbol_to_c_name_address_lib_prefix='sed -n -e '\''s/^: \([^ ]*\) $/  {\"\1\", (void *) 0},/p'\'' -e '\''s/^[ABCDGIRSTW]* \([^ ]*\) \(lib[^ ]*\)$/  {"\2", (void *) \&\2},/p'\'' -e '\''s/^[ABCDGIRSTW]* \([^ ]*\) \([^ ]*\)$/  {"lib\2", (void *) \&\2},/p'\'''
lt_cv_sys_global_symbol_to_cdecl='sed -n -e '\''s/^T .* \(.*\)$/extern int \1();/p'\'' -e '\''s/^[ABCDGIRSTW]* .* \(.*\)$/extern char \1;/p'\'''
lt_cv_sys_max_cmd_len=3458764513820540925
pkg_cv_GNURADIO_CORE_CFLAGS='-pthread -I/usr/local/include/gnuradio -I/usr/local/include  '
pkg_cv_GNURADIO_CORE_CPPFLAGS=' -I/usr/local/include/gnuradio -I/usr/local/include'
pkg_cv_GNURADIO_CORE_INCLUDEDIR=/usr/local/include/gnuradio
pkg_cv_GNURADIO_CORE_LIBS='-L/usr/local/lib -lboost_thread-mt -lboost_date_time-mt -lgnuradio-core -lgruel -lfftw3f -lgsl -lgslcblas -lm  '

## ----------------- ##
## Output variables. ##
## ----------------- ##

ACLOCAL='${SHELL} /home/ddcat/gsm-receiver/trunk/missing --run aclocal-1.11'
AMDEPBACKSLASH='\'
AMDEP_FALSE='#'
AMDEP_TRUE=''
AMTAR='${SHELL} /home/ddcat/gsm-receiver/trunk/missing --run tar'
AR='ar'
AS='as'
AUTOCONF='${SHELL} /home/ddcat/gsm-receiver/trunk/missing --run autoconf'
AUTOHEADER='${SHELL} /home/ddcat/gsm-receiver/trunk/missing --run autoheader'
AUTOMAKE='${SHELL} /home/ddcat/gsm-receiver/trunk/missing --run automake-1.11'
AWK='gawk'
BOOST_CPPFLAGS='-I/usr/include'
BOOST_CXXFLAGS=''
BOOST_DATE_TIME_LIB='-lboost_date_time-mt'
BOOST_IOSTREAMS_LIB='-lboost_iostreams-mt'
BOOST_LDFLAGS='-L/usr/lib'
BOOST_PROGRAM_OPTIONS_LIB='-lboost_program_options-mt'
BOOST_SYSTEM_LIB='-lboost_system-mt'
BOOST_THREAD_LIB='-lboost_thread-mt'
CC='gcc'
CCAS='gcc'
CCASDEPMODE='depmode=gcc3'
CCASFLAGS='-g -O2 -Wall'
CCDEPMODE='depmode=gcc3'
CFLAGS='-g -O2 -Wall '
CPP='gcc -E'
CPPFLAGS=''
CXX='g++'
CXXCPP='g++ -E'
CXXDEPMODE='depmode=gcc3'
CXXFLAGS='-g -O2 -Wall -Woverloaded-virtual '
CYGPATH_W='echo'
DEFS='-DHAVE_CONFIG_H'
DEPDIR='.deps'
DLLTOOL='dlltool'
DSYMUTIL=''
DUMPBIN=''
ECHO_C=''
ECHO_N='-n'
ECHO_T=''
EGREP='/bin/grep -E'
EXEEXT=''
FGREP='/bin/grep -F'
GNURADIO_CORE_CFLAGS='-pthread -I/usr/local/include/gnuradio -I/usr/local/include  '
GNURADIO_CORE_CPPFLAGS=' -I/usr/local/include/gnuradio -I/usr/local/include'
GNURADIO_CORE_INCLUDEDIR='/usr/local/include/gnuradio'
GNURADIO_CORE_LIBS='-L/usr/local/lib -lboost_thread-mt -lboost_date_time-mt -lgnuradio-core -lgruel -lfftw3f -lgsl -lgslcblas -lm  '
GREP='/bin/grep'
HAS_XMLTO_FALSE=''
HAS_XMLTO_TRUE='#'
INSTALL_DATA='${INSTALL} -m 644'
INSTALL_PROGRAM='${INSTALL}'
INSTALL_SCRIPT='${INSTALL}'
INSTALL_STRIP_PROGRAM='$(install_sh) -c -s'
LD='/usr/bin/ld -m elf_x86_64'
LDFLAGS=''
LIBOBJS=''
LIBS=' -L/usr/local/lib -lboost_thread-mt -lboost_date_time-mt -lgnuradio-core -lgruel -lfftw3f -lgsl -lgslcblas -lm  '
LIBTOOL='$(SHELL) $(top_builddir)/libtool'
LIPO=''
LN_S='ln -s'
LTLIBOBJS=''
MAKEINFO='${SHELL} /home/ddcat/gsm-receiver/trunk/missing --run makeinfo'
MKDIR_P='/bin/mkdir -p'
NM='/usr/bin/nm -B'
NMEDIT=''
NO_UNDEFINED=''
OBJDUMP='objdump'
OBJEXT='o'
OTOOL64=''
OTOOL=''
PACKAGE='gsm-receiver'
PACKAGE_BUGREPORT=''
PACKAGE_NAME='gsm-receiver'
PACKAGE_STRING='gsm-receiver 0.0.3'
PACKAGE_TARNAME='gsm-receiver'
PACKAGE_URL=''
PACKAGE_VERSION='0.0.3'
PATH_SEPARATOR=':'
PKG_CONFIG='/usr/bin/pkg-config'
PTHREAD_CC='gcc'
PTHREAD_CFLAGS=''
PTHREAD_LIBS=''
PYTHON='/usr/bin/python'
PYTHON_CPPFLAGS='-I/usr/include/python2.6'
PYTHON_EXEC_PREFIX='${exec_prefix}'
PYTHON_LDFLAGS=''
PYTHON_PLATFORM='linux2'
PYTHON_PREFIX='${prefix}'
PYTHON_VERSION='2.6'
RANLIB='ranlib'
RM_PROG='/bin/rm'
SED='/bin/sed'
SET_MAKE=''
SHELL='/bin/bash'
STRIP='strip'
SWIG='/usr/bin/swig -c++'
SWIG_PYTHON_CPPFLAGS='-I/usr/include/python2.6'
SWIG_PYTHON_LIB='-lswigpy'
SWIG_PYTHON_OPT='-python'
VERSION='0.0.3'
XMLTO=''
ac_ct_CC='gcc'
ac_ct_CXX='g++'
ac_ct_DUMPBIN=''
acx_pthread_config=''
am__EXEEXT_FALSE=''
am__EXEEXT_TRUE='#'
am__fastdepCCAS_FALSE='#'
am__fastdepCCAS_TRUE=''
am__fastdepCC_FALSE='#'
am__fastdepCC_TRUE=''
am__fastdepCXX_FALSE='#'
am__fastdepCXX_TRUE=''
am__include='include'
am__isrc=''
am__leading_dot='.'
am__quote=''
am__tar='${AMTAR} chof - "$$tardir"'
am__untar='${AMTAR} xf -'
autoconf_default_CXXFLAGS='-g -O2'
bindir='${exec_prefix}/bin'
build='x86_64-unknown-linux-gnu'
build_alias=''
build_cpu='x86_64'
build_os='linux-gnu'
build_vendor='unknown'
datadir='${datarootdir}'
datarootdir='${prefix}/share'
docdir='${datarootdir}/doc/${PACKAGE_TARNAME}'
dvidir='${docdir}'
exec_prefix='${prefix}'
gr_libdir_suffix=''
host='x86_64-unknown-linux-gnu'
host_alias=''
host_cpu='x86_64'
host_os='linux-gnu'
host_vendor='unknown'
htmldir='${docdir}'
includedir='${prefix}/include'
infodir='${datarootdir}/info'
install_sh='${SHELL} /home/ddcat/gsm-receiver/trunk/install-sh'
libdir='${exec_prefix}/lib'
libexecdir='${exec_prefix}/libexec'
localedir='${datarootdir}/locale'
localstatedir='${prefix}/var'
lt_ECHO='echo'
mandir='${datarootdir}/man'
mkdir_p='/bin/mkdir -p'
oldincludedir='/usr/include'
pdfdir='${docdir}'
pkgpyexecdir='${pyexecdir}/gsm-receiver'
pkgpythondir='${pythondir}/gsm-receiver'
prefix='/usr/local'
program_transform_name='s,x,x,'
psdir='${docdir}'
pyexecdir='${exec_prefix}/lib/python2.6/dist-packages'
pythondir='${prefix}/lib/python2.6/dist-packages'
sbindir='${exec_prefix}/sbin'
sharedstatedir='${prefix}/com'
swig_CXXFLAGS='-g -O1 -Wno-strict-aliasing -Wno-parentheses'
sysconfdir='${prefix}/etc'
target='x86_64-unknown-linux-gnu'
target_alias=''
target_cpu='x86_64'
target_os='linux-gnu'
target_vendor='unknown'

## ----------- ##
## confdefs.h. ##
## ----------- ##

/* confdefs.h */
#define PACKAGE_NAME "gsm-receiver"
#define PACKAGE_TARNAME "gsm-receiver"
#define PACKAGE_VERSION "0.0.3"
#define PACKAGE_STRING "gsm-receiver 0.0.3"
#define PACKAGE_BUGREPORT ""
#define PACKAGE_URL ""
#define PACKAGE "gsm-receiver"
#define VERSION "0.0.3"
#define STDC_HEADERS 1
#define HAVE_SYS_TYPES_H 1
#define HAVE_SYS_STAT_H 1
#define HAVE_STDLIB_H 1
#define HAVE_STRING_H 1
#define HAVE_MEMORY_H 1
#define HAVE_STRINGS_H 1
#define HAVE_INTTYPES_H 1
#define HAVE_STDINT_H 1
#define HAVE_UNISTD_H 1
#define __EXTENSIONS__ 1
#define _ALL_SOURCE 1
#define _GNU_SOURCE 1
#define _POSIX_PTHREAD_SEMANTICS 1
#define _TANDEM_SOURCE 1
#define CXX_HAS_STD_ISNAN /**/
#define HAVE_DLFCN_H 1
#define LT_OBJDIR ".libs/"
#define HAVE_PYTHON_H 1
#define STDC_HEADERS 1
#define TIME_WITH_SYS_TIME 1
#define HAVE_SYS_TYPES_H 1
#define HAVE_FCNTL_H 1
#define HAVE_GETOPT 1
#define HAVE_USLEEP 1
#define HAVE_GETTIMEOFDAY 1
#define HAVE_NANOSLEEP 1
#define HAVE_RAND 1
#define HAVE_SRAND 1
#define HAVE_RANDOM 1
#define HAVE_SRANDOM 1
#define HAVE_SLEEP 1
#define HAVE_SIGACTION 1
#define HAVE_STRUCT_TIMEZONE 1
#define HAVE_STRUCT_TIMESPEC 1
#define HAVE_SSIZE_T 1
#define HAVE_GETOPT 1
#define HAVE_USLEEP 1
#define HAVE_GETTIMEOFDAY 1
#define HAVE_BOOST 1
#define HAVE_PTHREAD 1
#define HAVE_BOOST_THREAD 1
#define HAVE_BOOST_DATE_TIME 1
#define HAVE_BOOST_IOSTREAMS 1
#define HAVE_BOOST_PROGRAM_OPTIONS 1
#define HAVE_BOOST_SYSTEM 1

configure: exit 0

## ---------------------- ##
## Running config.status. ##
## ---------------------- ##

This file was extended by gsm-receiver config.status 0.0.3, which was
generated by GNU Autoconf 2.65.  Invocation command line was

  CONFIG_FILES    = 
  CONFIG_HEADERS  = 
  CONFIG_LINKS    = 
  CONFIG_COMMANDS = 
  $ ./config.status 

on ubuntu

config.status:1220: creating Makefile
config.status:1220: creating config/Makefile
config.status:1220: creating src/Makefile
config.status:1220: creating src/lib/Makefile
config.status:1220: creating src/lib/libnetwork/Makefile
config.status:1220: creating src/lib/decoder/Makefile
config.status:1220: creating src/lib/libbase64cc/Makefile
config.status:1220: creating src/lib/decoder/openbtsstuff/Makefile
config.status:1220: creating src/python/Makefile
config.status:1220: creating gsm-receiver.pc
config.status:1220: creating config.h
config.status:1392: config.h is unchanged
config.status:1440: executing depfiles commands
config.status:1440: executing libtool commands

## ---------------------- ##
## Running config.status. ##
## ---------------------- ##

This file was extended by gsm-receiver config.status 0.0.3, which was
generated by GNU Autoconf 2.65.  Invocation command line was

  CONFIG_FILES    = 
  CONFIG_HEADERS  = 
  CONFIG_LINKS    = 
  CONFIG_COMMANDS = 
  $ ./config.status config.h

on ubuntu

config.status:1220: creating config.h
config.status:1392: config.h is unchanged
